# JRE version: Java(TM) SE Runtime Environment (8.0_111-b14) (build 1.8.0_111-b14)
# Java VM: Java HotSpot(TM) 64-Bit Server VM (25.111-b14 mixed mode windows-amd64 compressed oops)
Heap:
 PSYoungGen      total 187392K, used 116184K [0x000000076ae00000, 0x0000000790600000, 0x00000007c0000000)
  eden space 186880K, 61% used [0x000000076ae00000,0x0000000771f10ed0,0x0000000776480000)
  from space 512K, 79% used [0x0000000790580000,0x00000007905e5370,0x0000000790600000)
  to   space 9728K, 0% used [0x000000078f300000,0x000000078f300000,0x000000078fc80000)
 ParOldGen       total 175104K, used 65726K [0x00000006c0a00000, 0x00000006cb500000, 0x000000076ae00000)
  object space 175104K, 37% used [0x00000006c0a00000,0x00000006c4a2f9d8,0x00000006cb500000)
 Metaspace       used 13697K, capacity 13900K, committed 14080K, reserved 1062912K
  class space    used 1389K, capacity 1462K, committed 1536K, reserved 1048576K
GC Heap History (10 events):
Event: 77.911 GC heap before
{Heap before GC invocations=30 (full 0):
 PSYoungGen      total 240640K, used 226278K [0x000000076ae00000, 0x0000000792880000, 0x00000007c0000000)
  eden space 225792K, 100% used [0x000000076ae00000,0x0000000778a80000,0x0000000778a80000)
  from space 14848K, 3% used [0x0000000790b80000,0x0000000790bf9ad8,0x0000000791a00000)
  to   space 13824K, 0% used [0x0000000791b00000,0x0000000791b00000,0x0000000792880000)
 ParOldGen       total 175104K, used 64925K [0x00000006c0a00000, 0x00000006cb500000, 0x000000076ae00000)
  object space 175104K, 37% used [0x00000006c0a00000,0x00000006c4967558,0x00000006cb500000)
 Metaspace       used 13664K, capacity 13900K, committed 14080K, reserved 1062912K
  class space    used 1389K, capacity 1462K, committed 1536K, reserved 1048576K
Event: 77.912 GC heap after
Heap after GC invocations=30 (full 0):
 PSYoungGen      total 217600K, used 372K [0x000000076ae00000, 0x0000000791b80000, 0x00000007c0000000)
  eden space 217088K, 0% used [0x000000076ae00000,0x000000076ae00000,0x0000000778200000)
  from space 512K, 72% used [0x0000000791b00000,0x0000000791b5d370,0x0000000791b80000)
  to   space 13312K, 0% used [0x0000000790180000,0x0000000790180000,0x0000000790e80000)
 ParOldGen       total 175104K, used 65121K [0x00000006c0a00000, 0x00000006cb500000, 0x000000076ae00000)
  object space 175104K, 37% used [0x00000006c0a00000,0x00000006c4998678,0x00000006cb500000)
 Metaspace       used 13664K, capacity 13900K, committed 14080K, reserved 1062912K
  class space    used 1389K, capacity 1462K, committed 1536K, reserved 1048576K
}
Event: 82.865 GC heap before
{Heap before GC invocations=31 (full 0):
 PSYoungGen      total 217600K, used 217460K [0x000000076ae00000, 0x0000000791b80000, 0x00000007c0000000)
  eden space 217088K, 100% used [0x000000076ae00000,0x0000000778200000,0x0000000778200000)
  from space 512K, 72% used [0x0000000791b00000,0x0000000791b5d370,0x0000000791b80000)
  to   space 13312K, 0% used [0x0000000790180000,0x0000000790180000,0x0000000790e80000)
 ParOldGen       total 175104K, used 65121K [0x00000006c0a00000, 0x00000006cb500000, 0x000000076ae00000)
  object space 175104K, 37% used [0x00000006c0a00000,0x00000006c4998678,0x00000006cb500000)
 Metaspace       used 13676K, capacity 13900K, committed 14080K, reserved 1062912K
  class space    used 1389K, capacity 1462K, committed 1536K, reserved 1048576K
Event: 82.866 GC heap after
Heap after GC invocations=31 (full 0):
 PSYoungGen      total 222208K, used 545K [0x000000076ae00000, 0x0000000791b80000, 0x00000007c0000000)
  eden space 208896K, 0% used [0x000000076ae00000,0x000000076ae00000,0x0000000777a00000)
  from space 13312K, 4% used [0x0000000790180000,0x0000000790208490,0x0000000790e80000)
  to   space 12288K, 0% used [0x0000000790f80000,0x0000000790f80000,0x0000000791b80000)
 ParOldGen       total 175104K, used 65129K [0x00000006c0a00000, 0x00000006cb500000, 0x000000076ae00000)
  object space 175104K, 37% used [0x00000006c0a00000,0x00000006c499a678,0x00000006cb500000)
 Metaspace       used 13676K, capacity 13900K, committed 14080K, reserved 1062912K
  class space    used 1389K, capacity 1462K, committed 1536K, reserved 1048576K
}
Event: 88.154 GC heap before
{Heap before GC invocations=32 (full 0):
 PSYoungGen      total 222208K, used 209441K [0x000000076ae00000, 0x0000000791b80000, 0x00000007c0000000)
  eden space 208896K, 100% used [0x000000076ae00000,0x0000000777a00000,0x0000000777a00000)
  from space 13312K, 4% used [0x0000000790180000,0x0000000790208490,0x0000000790e80000)
  to   space 12288K, 0% used [0x0000000790f80000,0x0000000790f80000,0x0000000791b80000)
 ParOldGen       total 175104K, used 65129K [0x00000006c0a00000, 0x00000006cb500000, 0x000000076ae00000)
  object space 175104K, 37% used [0x00000006c0a00000,0x00000006c499a678,0x00000006cb500000)
 Metaspace       used 13684K, capacity 13900K, committed 14080K, reserved 1062912K
  class space    used 1389K, capacity 1462K, committed 1536K, reserved 1048576K
Event: 88.155 GC heap after
Heap after GC invocations=32 (full 0):
 PSYoungGen      total 201728K, used 454K [0x000000076ae00000, 0x0000000791000000, 0x00000007c0000000)
  eden space 201216K, 0% used [0x000000076ae00000,0x000000076ae00000,0x0000000777280000)
  from space 512K, 88% used [0x0000000790f80000,0x0000000790ff1ad8,0x0000000791000000)
  to   space 11264K, 0% used [0x000000078fa00000,0x000000078fa00000,0x0000000790500000)
 ParOldGen       total 175104K, used 65333K [0x00000006c0a00000, 0x00000006cb500000, 0x000000076ae00000)
  object space 175104K, 37% used [0x00000006c0a00000,0x00000006c49cd798,0x00000006cb500000)
 Metaspace       used 13684K, capacity 13900K, committed 14080K, reserved 1062912K
  class space    used 1389K, capacity 1462K, committed 1536K, reserved 1048576K
}
Event: 94.479 GC heap before
{Heap before GC invocations=33 (full 0):
 PSYoungGen      total 201728K, used 201670K [0x000000076ae00000, 0x0000000791000000, 0x00000007c0000000)
  eden space 201216K, 100% used [0x000000076ae00000,0x0000000777280000,0x0000000777280000)
  from space 512K, 88% used [0x0000000790f80000,0x0000000790ff1ad8,0x0000000791000000)
  to   space 11264K, 0% used [0x000000078fa00000,0x000000078fa00000,0x0000000790500000)
 ParOldGen       total 175104K, used 65333K [0x00000006c0a00000, 0x00000006cb500000, 0x000000076ae00000)
  object space 175104K, 37% used [0x00000006c0a00000,0x00000006c49cd798,0x00000006cb500000)
 Metaspace       used 13693K, capacity 13900K, committed 14080K, reserved 1062912K
  class space    used 1389K, capacity 1462K, committed 1536K, reserved 1048576K
Event: 94.479 GC heap after
Heap after GC invocations=33 (full 0):
 PSYoungGen      total 205312K, used 545K [0x000000076ae00000, 0x0000000791000000, 0x00000007c0000000)
  eden space 194048K, 0% used [0x000000076ae00000,0x000000076ae00000,0x0000000776b80000)
  from space 11264K, 4% used [0x000000078fa00000,0x000000078fa88490,0x0000000790500000)
  to   space 10752K, 0% used [0x0000000790580000,0x0000000790580000,0x0000000791000000)
 ParOldGen       total 175104K, used 65522K [0x00000006c0a00000, 0x00000006cb500000, 0x000000076ae00000)
  object space 175104K, 37% used [0x00000006c0a00000,0x00000006c49fc8b8,0x00000006cb500000)
 Metaspace       used 13693K, capacity 13900K, committed 14080K, reserved 1062912K
  class space    used 1389K, capacity 1462K, committed 1536K, reserved 1048576K
}
Event: 99.772 GC heap before
{Heap before GC invocations=34 (full 0):
 PSYoungGen      total 205312K, used 194593K [0x000000076ae00000, 0x0000000791000000, 0x00000007c0000000)
  eden space 194048K, 100% used [0x000000076ae00000,0x0000000776b80000,0x0000000776b80000)
  from space 11264K, 4% used [0x000000078fa00000,0x000000078fa88490,0x0000000790500000)
  to   space 10752K, 0% used [0x0000000790580000,0x0000000790580000,0x0000000791000000)
 ParOldGen       total 175104K, used 65522K [0x00000006c0a00000, 0x00000006cb500000, 0x000000076ae00000)
  object space 175104K, 37% used [0x00000006c0a00000,0x00000006c49fc8b8,0x00000006cb500000)
 Metaspace       used 13694K, capacity 13900K, committed 14080K, reserved 1062912K
  class space    used 1389K, capacity 1462K, committed 1536K, reserved 1048576K
Event: 99.773 GC heap after
Heap after GC invocations=34 (full 0):
 PSYoungGen      total 187392K, used 404K [0x000000076ae00000, 0x0000000790600000, 0x00000007c0000000)
  eden space 186880K, 0% used [0x000000076ae00000,0x000000076ae00000,0x0000000776480000)
  from space 512K, 79% used [0x0000000790580000,0x00000007905e5370,0x0000000790600000)
  to   space 9728K, 0% used [0x000000078f300000,0x000000078f300000,0x000000078fc80000)
 ParOldGen       total 175104K, used 65726K [0x00000006c0a00000, 0x00000006cb500000, 0x000000076ae00000)
  object space 175104K, 37% used [0x00000006c0a00000,0x00000006c4a2f9d8,0x00000006cb500000)
 Metaspace       used 13694K, capacity 13900K, committed 14080K, reserved 1062912K
  class space    used 1389K, capacity 1462K, committed 1536K, reserved 1048576K
}

